# JRE version: Java(TM) SE Runtime Environment (7.0_51-b13) (build 1.7.0_51-b13)
# Java VM: Java HotSpot(TM) Client VM (24.51-b03 mixed mode windows-x86 )
Heap
 def new generation   total 4928K, used 1443K [0x02b60000, 0x030b0000, 0x080b0000)
  eden space 4416K,  21% used [0x02b60000, 0x02c48fe0, 0x02fb0000)
  from space 512K, 100% used [0x03030000, 0x030b0000, 0x030b0000)
  to   space 512K,   0% used [0x02fb0000, 0x02fb0000, 0x03030000)
 tenured generation   total 10944K, used 5316K [0x080b0000, 0x08b60000, 0x12b60000)
   the space 10944K,  48% used [0x080b0000, 0x085e1188, 0x085e1200, 0x08b60000)
 compacting perm gen  total 12288K, used 9727K [0x12b60000, 0x13760000, 0x16b60000)
   the space 12288K,  79% used [0x12b60000, 0x134dfe18, 0x134e0000, 0x13760000)
GC Heap History (10 events):
Event: 0.595 GC heap before
{Heap before GC invocations=2 (full 0):
 def new generation   total 4928K, used 4596K [0x02b60000, 0x030b0000, 0x080b0000)
  eden space 4416K, 100% used [0x02b60000, 0x02fb0000, 0x02fb0000)
  from space 512K,  35% used [0x02fb0000, 0x02fdd328, 0x03030000)
  to   space 512K,   0% used [0x03030000, 0x03030000, 0x030b0000)
 tenured generation   total 10944K, used 2504K [0x080b0000, 0x08b60000, 0x12b60000)
   the space 10944K,  22% used [0x080b0000, 0x08322170, 0x08322200, 0x08b60000)
 compacting perm gen  total 12288K, used 6743K [0x12b60000, 0x13760000, 0x16b60000)
   the space 12288K,  54% used [0x12b60000, 0x131f5e98, 0x131f6000, 0x13760000)
No shared spaces configured.
Event: 0.600 GC heap after
Heap after GC invocations=3 (full 0):
 def new generation   total 4928K, used 224K [0x02b60000, 0x030b0000, 0x080b0000)
  eden space 4416K,   0% used [0x02b60000, 0x02b60000, 0x02fb0000)
  from space 512K,  43% used [0x03030000, 0x03068348, 0x030b0000)
  to   space 512K,   0% used [0x02fb0000, 0x02fb0000, 0x03030000)
 tenured generation   total 10944K, used 2504K [0x080b0000, 0x08b60000, 0x12b60000)
   the space 10944K,  22% used [0x080b0000, 0x08322170, 0x08322200, 0x08b60000)
 compacting perm gen  total 12288K, used 6743K [0x12b60000, 0x13760000, 0x16b60000)
   the space 12288K,  54% used [0x12b60000, 0x131f5e98, 0x131f6000, 0x13760000)
No shared spaces configured.
}
Event: 0.649 GC heap before
{Heap before GC invocations=3 (full 0):
 def new generation   total 4928K, used 4640K [0x02b60000, 0x030b0000, 0x080b0000)
  eden space 4416K, 100% used [0x02b60000, 0x02fb0000, 0x02fb0000)
  from space 512K,  43% used [0x03030000, 0x03068348, 0x030b0000)
  to   space 512K,   0% used [0x02fb0000, 0x02fb0000, 0x03030000)
 tenured generation   total 10944K, used 2504K [0x080b0000, 0x08b60000, 0x12b60000)
   the space 10944K,  22% used [0x080b0000, 0x08322170, 0x08322200, 0x08b60000)
 compacting perm gen  total 12288K, used 7129K [0x12b60000, 0x13760000, 0x16b60000)
   the space 12288K,  58% used [0x12b60000, 0x132564a8, 0x13256600, 0x13760000)
No shared spaces configured.
Event: 0.653 GC heap after
Heap after GC invocations=4 (full 0):
 def new generation   total 4928K, used 348K [0x02b60000, 0x030b0000, 0x080b0000)
  eden space 4416K,   0% used [0x02b60000, 0x02b60000, 0x02fb0000)
  from space 512K,  68% used [0x02fb0000, 0x03007118, 0x03030000)
  to   space 512K,   0% used [0x03030000, 0x03030000, 0x030b0000)
 tenured generation   total 10944K, used 2504K [0x080b0000, 0x08b60000, 0x12b60000)
   the space 10944K,  22% used [0x080b0000, 0x08322170, 0x08322200, 0x08b60000)
 compacting perm gen  total 12288K, used 7129K [0x12b60000, 0x13760000, 0x16b60000)
   the space 12288K,  58% used [0x12b60000, 0x132564a8, 0x13256600, 0x13760000)
No shared spaces configured.
}
Event: 0.706 GC heap before
{Heap before GC invocations=4 (full 0):
 def new generation   total 4928K, used 4764K [0x02b60000, 0x030b0000, 0x080b0000)
  eden space 4416K, 100% used [0x02b60000, 0x02fb0000, 0x02fb0000)
  from space 512K,  68% used [0x02fb0000, 0x03007118, 0x03030000)
  to   space 512K,   0% used [0x03030000, 0x03030000, 0x030b0000)
 tenured generation   total 10944K, used 2504K [0x080b0000, 0x08b60000, 0x12b60000)
   the space 10944K,  22% used [0x080b0000, 0x08322170, 0x08322200, 0x08b60000)
 compacting perm gen  total 12288K, used 7329K [0x12b60000, 0x13760000, 0x16b60000)
   the space 12288K,  59% used [0x12b60000, 0x132884e0, 0x13288600, 0x13760000)
No shared spaces configured.
Event: 0.710 GC heap after
Heap after GC invocations=5 (full 0):
 def new generation   total 4928K, used 225K [0x02b60000, 0x030b0000, 0x080b0000)
  eden space 4416K,   0% used [0x02b60000, 0x02b60000, 0x02fb0000)
  from space 512K,  44% used [0x03030000, 0x03068520, 0x030b0000)
  to   space 512K,   0% used [0x02fb0000, 0x02fb0000, 0x03030000)
 tenured generation   total 10944K, used 3905K [0x080b0000, 0x08b60000, 0x12b60000)
   the space 10944K,  35% used [0x080b0000, 0x08480438, 0x08480600, 0x08b60000)
 compacting perm gen  total 12288K, used 7329K [0x12b60000, 0x13760000, 0x16b60000)
   the space 12288K,  59% used [0x12b60000, 0x132884e0, 0x13288600, 0x13760000)
No shared spaces configured.
}
Event: 2.168 GC heap before
{Heap before GC invocations=5 (full 0):
 def new generation   total 4928K, used 4641K [0x02b60000, 0x030b0000, 0x080b0000)
  eden space 4416K, 100% used [0x02b60000, 0x02fb0000, 0x02fb0000)
  from space 512K,  44% used [0x03030000, 0x03068520, 0x030b0000)
  to   space 512K,   0% used [0x02fb0000, 0x02fb0000, 0x03030000)
 tenured generation   total 10944K, used 3905K [0x080b0000, 0x08b60000, 0x12b60000)
   the space 10944K,  35% used [0x080b0000, 0x08480438, 0x08480600, 0x08b60000)
 compacting perm gen  total 12288K, used 8358K [0x12b60000, 0x13760000, 0x16b60000)
   the space 12288K,  68% used [0x12b60000, 0x13389a68, 0x13389c00, 0x13760000)
No shared spaces configured.
Event: 2.172 GC heap after
Heap after GC invocations=6 (full 0):
 def new generation   total 4928K, used 512K [0x02b60000, 0x030b0000, 0x080b0000)
  eden space 4416K,   0% used [0x02b60000, 0x02b60000, 0x02fb0000)
  from space 512K, 100% used [0x02fb0000, 0x03030000, 0x03030000)
  to   space 512K,   0% used [0x03030000, 0x03030000, 0x030b0000)
 tenured generation   total 10944K, used 4207K [0x080b0000, 0x08b60000, 0x12b60000)
   the space 10944K,  38% used [0x080b0000, 0x084cbf48, 0x084cc000, 0x08b60000)
 compacting perm gen  total 12288K, used 8358K [0x12b60000, 0x13760000, 0x16b60000)
   the space 12288K,  68% used [0x12b60000, 0x13389a68, 0x13389c00, 0x13760000)
No shared spaces configured.
}
Event: 2.380 GC heap before
{Heap before GC invocations=6 (full 0):
 def new generation   total 4928K, used 4920K [0x02b60000, 0x030b0000, 0x080b0000)
  eden space 4416K,  99% used [0x02b60000, 0x02fae3c0, 0x02fb0000)
  from space 512K, 100% used [0x02fb0000, 0x03030000, 0x03030000)
  to   space 512K,   0% used [0x03030000, 0x03030000, 0x030b0000)
 tenured generation   total 10944K, used 4207K [0x080b0000, 0x08b60000, 0x12b60000)
   the space 10944K,  38% used [0x080b0000, 0x084cbf48, 0x084cc000, 0x08b60000)
 compacting perm gen  total 12288K, used 9529K [0x12b60000, 0x13760000, 0x16b60000)
   the space 12288K,  77% used [0x12b60000, 0x134ae650, 0x134ae800, 0x13760000)
No shared spaces configured.
Event: 2.385 GC heap after
Heap after GC invocations=7 (full 0):
 def new generation   total 4928K, used 512K [0x02b60000, 0x030b0000, 0x080b0000)
  eden space 4416K,   0% used [0x02b60000, 0x02b60000, 0x02fb0000)
  from space 512K, 100% used [0x03030000, 0x030b0000, 0x030b0000)
  to   space 512K,   0% used [0x02fb0000, 0x02fb0000, 0x03030000)
 tenured generation   total 10944K, used 5316K [0x080b0000, 0x08b60000, 0x12b60000)
   the space 10944K,  48% used [0x080b0000, 0x085e1188, 0x085e1200, 0x08b60000)
 compacting perm gen  total 12288K, used 9529K [0x12b60000, 0x13760000, 0x16b60000)
   the space 12288K,  77% used [0x12b60000, 0x134ae650, 0x134ae800, 0x13760000)
No shared spaces configured.
}

