# JRE version: Java(TM) SE Runtime Environment (7.0_51-b13) (build 1.7.0_51-b13)
# Java VM: Java HotSpot(TM) Client VM (24.51-b03 mixed mode windows-x86 )
Heap
 def new generation   total 4928K, used 3668K [0x02b60000, 0x030b0000, 0x080b0000)
  eden space 4416K,  71% used [0x02b60000, 0x02e75320, 0x02fb0000)
  from space 512K, 100% used [0x03030000, 0x030b0000, 0x030b0000)
  to   space 512K,   0% used [0x02fb0000, 0x02fb0000, 0x03030000)
 tenured generation   total 10944K, used 4700K [0x080b0000, 0x08b60000, 0x12b60000)
   the space 10944K,  42% used [0x080b0000, 0x08547228, 0x08547400, 0x08b60000)
 compacting perm gen  total 12288K, used 9536K [0x12b60000, 0x13760000, 0x16b60000)
   the space 12288K,  77% used [0x12b60000, 0x134b00b0, 0x134b0200, 0x13760000)
GC Heap History (6 events):
Event: 0.290 GC heap before
{Heap before GC invocations=0 (full 0):
 def new generation   total 4928K, used 3970K [0x02b60000, 0x030b0000, 0x080b0000)
  eden space 4416K,  89% used [0x02b60000, 0x02f40858, 0x02fb0000)
  from space 512K,   0% used [0x02fb0000, 0x02fb0000, 0x03030000)
  to   space 512K,   0% used [0x03030000, 0x03030000, 0x030b0000)
 tenured generation   total 10944K, used 0K [0x080b0000, 0x08b60000, 0x12b60000)
   the space 10944K,   0% used [0x080b0000, 0x080b0000, 0x080b0200, 0x08b60000)
 compacting perm gen  total 12288K, used 5228K [0x12b60000, 0x13760000, 0x16b60000)
   the space 12288K,  42% used [0x12b60000, 0x1307b100, 0x1307b200, 0x13760000)
No shared spaces configured.
Event: 0.298 GC heap after
Heap after GC invocations=1 (full 0):
 def new generation   total 4928K, used 512K [0x02b60000, 0x030b0000, 0x080b0000)
  eden space 4416K,   0% used [0x02b60000, 0x02b60000, 0x02fb0000)
  from space 512K, 100% used [0x03030000, 0x030b0000, 0x030b0000)
  to   space 512K,   0% used [0x02fb0000, 0x02fb0000, 0x03030000)
 tenured generation   total 10944K, used 1050K [0x080b0000, 0x08b60000, 0x12b60000)
   the space 10944K,   9% used [0x080b0000, 0x081b6ab0, 0x081b6c00, 0x08b60000)
 compacting perm gen  total 12288K, used 5228K [0x12b60000, 0x13760000, 0x16b60000)
   the space 12288K,  42% used [0x12b60000, 0x1307b100, 0x1307b200, 0x13760000)
No shared spaces configured.
}
Event: 1.114 GC heap before
{Heap before GC invocations=1 (full 0):
 def new generation   total 4928K, used 4928K [0x02b60000, 0x030b0000, 0x080b0000)
  eden space 4416K, 100% used [0x02b60000, 0x02fb0000, 0x02fb0000)
  from space 512K, 100% used [0x03030000, 0x030b0000, 0x030b0000)
  to   space 512K,   0% used [0x02fb0000, 0x02fb0000, 0x03030000)
 tenured generation   total 10944K, used 1050K [0x080b0000, 0x08b60000, 0x12b60000)
   the space 10944K,   9% used [0x080b0000, 0x081b6ab0, 0x081b6c00, 0x08b60000)
 compacting perm gen  total 12288K, used 7161K [0x12b60000, 0x13760000, 0x16b60000)
   the space 12288K,  58% used [0x12b60000, 0x1325e430, 0x1325e600, 0x13760000)
No shared spaces configured.
Event: 1.124 GC heap after
Heap after GC invocations=2 (full 0):
 def new generation   total 4928K, used 407K [0x02b60000, 0x030b0000, 0x080b0000)
  eden space 4416K,   0% used [0x02b60000, 0x02b60000, 0x02fb0000)
  from space 512K,  79% used [0x02fb0000, 0x03015ed0, 0x03030000)
  to   space 512K,   0% used [0x03030000, 0x03030000, 0x030b0000)
 tenured generation   total 10944K, used 3690K [0x080b0000, 0x08b60000, 0x12b60000)
   the space 10944K,  33% used [0x080b0000, 0x0844a900, 0x0844aa00, 0x08b60000)
 compacting perm gen  total 12288K, used 7161K [0x12b60000, 0x13760000, 0x16b60000)
   the space 12288K,  58% used [0x12b60000, 0x1325e430, 0x1325e600, 0x13760000)
No shared spaces configured.
}
Event: 1.630 GC heap before
{Heap before GC invocations=2 (full 0):
 def new generation   total 4928K, used 4818K [0x02b60000, 0x030b0000, 0x080b0000)
  eden space 4416K,  99% used [0x02b60000, 0x02faea80, 0x02fb0000)
  from space 512K,  79% used [0x02fb0000, 0x03015ed0, 0x03030000)
  to   space 512K,   0% used [0x03030000, 0x03030000, 0x030b0000)
 tenured generation   total 10944K, used 3690K [0x080b0000, 0x08b60000, 0x12b60000)
   the space 10944K,  33% used [0x080b0000, 0x0844a900, 0x0844aa00, 0x08b60000)
 compacting perm gen  total 12288K, used 8804K [0x12b60000, 0x13760000, 0x16b60000)
   the space 12288K,  71% used [0x12b60000, 0x133f9078, 0x133f9200, 0x13760000)
No shared spaces configured.
Event: 1.638 GC heap after
Heap after GC invocations=3 (full 0):
 def new generation   total 4928K, used 512K [0x02b60000, 0x030b0000, 0x080b0000)
  eden space 4416K,   0% used [0x02b60000, 0x02b60000, 0x02fb0000)
  from space 512K, 100% used [0x03030000, 0x030b0000, 0x030b0000)
  to   space 512K,   0% used [0x02fb0000, 0x02fb0000, 0x03030000)
 tenured generation   total 10944K, used 4700K [0x080b0000, 0x08b60000, 0x12b60000)
   the space 10944K,  42% used [0x080b0000, 0x08547228, 0x08547400, 0x08b60000)
 compacting perm gen  total 12288K, used 8804K [0x12b60000, 0x13760000, 0x16b60000)
   the space 12288K,  71% used [0x12b60000, 0x133f9078, 0x133f9200, 0x13760000)
No shared spaces configured.
}

