# JRE version: Java(TM) SE Runtime Environment (7.0_51-b13) (build 1.7.0_51-b13)
# Java VM: Java HotSpot(TM) Client VM (24.51-b03 mixed mode windows-x86 )
Heap
 def new generation   total 4928K, used 1829K [0x02b60000, 0x030b0000, 0x080b0000)
  eden space 4416K,  29% used [0x02b60000, 0x02ca96b0, 0x02fb0000)
  from space 512K,  99% used [0x02fb0000, 0x0302fff8, 0x03030000)
  to   space 512K,   0% used [0x03030000, 0x03030000, 0x030b0000)
 tenured generation   total 10944K, used 1993K [0x080b0000, 0x08b60000, 0x12b60000)
   the space 10944K,  18% used [0x080b0000, 0x082a2618, 0x082a2800, 0x08b60000)
 compacting perm gen  total 12288K, used 6759K [0x12b60000, 0x13760000, 0x16b60000)
   the space 12288K,  55% used [0x12b60000, 0x131f9de8, 0x131f9e00, 0x13760000)
GC Heap History (4 events):
Event: 0.814 GC heap before
{Heap before GC invocations=0 (full 0):
 def new generation   total 4928K, used 4416K [0x02b60000, 0x030b0000, 0x080b0000)
  eden space 4416K, 100% used [0x02b60000, 0x02fb0000, 0x02fb0000)
  from space 512K,   0% used [0x02fb0000, 0x02fb0000, 0x03030000)
  to   space 512K,   0% used [0x03030000, 0x03030000, 0x030b0000)
 tenured generation   total 10944K, used 0K [0x080b0000, 0x08b60000, 0x12b60000)
   the space 10944K,   0% used [0x080b0000, 0x080b0000, 0x080b0200, 0x08b60000)
 compacting perm gen  total 12288K, used 5272K [0x12b60000, 0x13760000, 0x16b60000)
   the space 12288K,  42% used [0x12b60000, 0x13086330, 0x13086400, 0x13760000)
No shared spaces configured.
Event: 0.824 GC heap after
Heap after GC invocations=1 (full 0):
 def new generation   total 4928K, used 512K [0x02b60000, 0x030b0000, 0x080b0000)
  eden space 4416K,   0% used [0x02b60000, 0x02b60000, 0x02fb0000)
  from space 512K, 100% used [0x03030000, 0x030b0000, 0x030b0000)
  to   space 512K,   0% used [0x02fb0000, 0x02fb0000, 0x03030000)
 tenured generation   total 10944K, used 909K [0x080b0000, 0x08b60000, 0x12b60000)
   the space 10944K,   8% used [0x080b0000, 0x08193688, 0x08193800, 0x08b60000)
 compacting perm gen  total 12288K, used 5272K [0x12b60000, 0x13760000, 0x16b60000)
   the space 12288K,  42% used [0x12b60000, 0x13086330, 0x13086400, 0x13760000)
No shared spaces configured.
}
Event: 1.122 GC heap before
{Heap before GC invocations=1 (full 0):
 def new generation   total 4928K, used 4926K [0x02b60000, 0x030b0000, 0x080b0000)
  eden space 4416K,  99% used [0x02b60000, 0x02fafb18, 0x02fb0000)
  from space 512K, 100% used [0x03030000, 0x030b0000, 0x030b0000)
  to   space 512K,   0% used [0x02fb0000, 0x02fb0000, 0x03030000)
 tenured generation   total 10944K, used 909K [0x080b0000, 0x08b60000, 0x12b60000)
   the space 10944K,   8% used [0x080b0000, 0x08193688, 0x08193800, 0x08b60000)
 compacting perm gen  total 12288K, used 6489K [0x12b60000, 0x13760000, 0x16b60000)
   the space 12288K,  52% used [0x12b60000, 0x131b64f8, 0x131b6600, 0x13760000)
No shared spaces configured.
Event: 1.130 GC heap after
Heap after GC invocations=2 (full 0):
 def new generation   total 4928K, used 511K [0x02b60000, 0x030b0000, 0x080b0000)
  eden space 4416K,   0% used [0x02b60000, 0x02b60000, 0x02fb0000)
  from space 512K,  99% used [0x02fb0000, 0x0302fff8, 0x03030000)
  to   space 512K,   0% used [0x03030000, 0x03030000, 0x030b0000)
 tenured generation   total 10944K, used 1993K [0x080b0000, 0x08b60000, 0x12b60000)
   the space 10944K,  18% used [0x080b0000, 0x082a2618, 0x082a2800, 0x08b60000)
 compacting perm gen  total 12288K, used 6489K [0x12b60000, 0x13760000, 0x16b60000)
   the space 12288K,  52% used [0x12b60000, 0x131b64f8, 0x131b6600, 0x13760000)
No shared spaces configured.
}

