# JRE version: Java(TM) SE Runtime Environment (7.0_51-b13) (build 1.7.0_51-b13)
# Java VM: Java HotSpot(TM) Client VM (24.51-b03 mixed mode windows-x86 )
Heap
 def new generation   total 33216K, used 28601K [0x02b60000, 0x04f60000, 0x080b0000)
  eden space 29568K,  91% used [0x02b60000, 0x045d3470, 0x04840000)
  from space 3648K,  41% used [0x04bd0000, 0x04d4b290, 0x04f60000)
  to   space 3648K,   0% used [0x04840000, 0x04840000, 0x04bd0000)
 tenured generation   total 73592K, used 32064K [0x080b0000, 0x0c88e000, 0x12b60000)
   the space 73592K,  43% used [0x080b0000, 0x0a0001d8, 0x0a000200, 0x0c88e000)
 compacting perm gen  total 12288K, used 10867K [0x12b60000, 0x13760000, 0x16b60000)
   the space 12288K,  88% used [0x12b60000, 0x135fcde0, 0x135fce00, 0x13760000)
GC Heap History (10 events):
Event: 9.999 GC heap before
{Heap before GC invocations=16 (full 4):
 def new generation   total 33216K, used 31366K [0x02b60000, 0x04f60000, 0x080b0000)
  eden space 29568K, 100% used [0x02b60000, 0x04840000, 0x04840000)
  from space 3648K,  49% used [0x04840000, 0x04a01a60, 0x04bd0000)
  to   space 3648K,   0% used [0x04bd0000, 0x04bd0000, 0x04f60000)
 tenured generation   total 73592K, used 30926K [0x080b0000, 0x0c88e000, 0x12b60000)
   the space 73592K,  42% used [0x080b0000, 0x09ee3918, 0x09ee3a00, 0x0c88e000)
 compacting perm gen  total 12288K, used 10859K [0x12b60000, 0x13760000, 0x16b60000)
   the space 12288K,  88% used [0x12b60000, 0x135faeb8, 0x135fb000, 0x13760000)
No shared spaces configured.
Event: 10.005 GC heap after
Heap after GC invocations=17 (full 4):
 def new generation   total 33216K, used 2265K [0x02b60000, 0x04f60000, 0x080b0000)
  eden space 29568K,   0% used [0x02b60000, 0x02b60000, 0x04840000)
  from space 3648K,  62% used [0x04bd0000, 0x04e06588, 0x04f60000)
  to   space 3648K,   0% used [0x04840000, 0x04840000, 0x04bd0000)
 tenured generation   total 73592K, used 30926K [0x080b0000, 0x0c88e000, 0x12b60000)
   the space 73592K,  42% used [0x080b0000, 0x09ee3918, 0x09ee3a00, 0x0c88e000)
 compacting perm gen  total 12288K, used 10859K [0x12b60000, 0x13760000, 0x16b60000)
   the space 12288K,  88% used [0x12b60000, 0x135faeb8, 0x135fb000, 0x13760000)
No shared spaces configured.
}
Event: 10.087 GC heap before
{Heap before GC invocations=17 (full 4):
 def new generation   total 33216K, used 31833K [0x02b60000, 0x04f60000, 0x080b0000)
  eden space 29568K, 100% used [0x02b60000, 0x04840000, 0x04840000)
  from space 3648K,  62% used [0x04bd0000, 0x04e06588, 0x04f60000)
  to   space 3648K,   0% used [0x04840000, 0x04840000, 0x04bd0000)
 tenured generation   total 73592K, used 30926K [0x080b0000, 0x0c88e000, 0x12b60000)
   the space 73592K,  42% used [0x080b0000, 0x09ee3918, 0x09ee3a00, 0x0c88e000)
 compacting perm gen  total 12288K, used 10866K [0x12b60000, 0x13760000, 0x16b60000)
   the space 12288K,  88% used [0x12b60000, 0x135fc8f8, 0x135fca00, 0x13760000)
No shared spaces configured.
Event: 10.092 GC heap after
Heap after GC invocations=18 (full 4):
 def new generation   total 33216K, used 1450K [0x02b60000, 0x04f60000, 0x080b0000)
  eden space 29568K,   0% used [0x02b60000, 0x02b60000, 0x04840000)
  from space 3648K,  39% used [0x04840000, 0x049aaa90, 0x04bd0000)
  to   space 3648K,   0% used [0x04bd0000, 0x04bd0000, 0x04f60000)
 tenured generation   total 73592K, used 31628K [0x080b0000, 0x0c88e000, 0x12b60000)
   the space 73592K,  42% used [0x080b0000, 0x09f93178, 0x09f93200, 0x0c88e000)
 compacting perm gen  total 12288K, used 10866K [0x12b60000, 0x13760000, 0x16b60000)
   the space 12288K,  88% used [0x12b60000, 0x135fc8f8, 0x135fca00, 0x13760000)
No shared spaces configured.
}
Event: 10.143 GC heap before
{Heap before GC invocations=18 (full 4):
 def new generation   total 33216K, used 31018K [0x02b60000, 0x04f60000, 0x080b0000)
  eden space 29568K, 100% used [0x02b60000, 0x04840000, 0x04840000)
  from space 3648K,  39% used [0x04840000, 0x049aaa90, 0x04bd0000)
  to   space 3648K,   0% used [0x04bd0000, 0x04bd0000, 0x04f60000)
 tenured generation   total 73592K, used 31628K [0x080b0000, 0x0c88e000, 0x12b60000)
   the space 73592K,  42% used [0x080b0000, 0x09f93178, 0x09f93200, 0x0c88e000)
 compacting perm gen  total 12288K, used 10866K [0x12b60000, 0x13760000, 0x16b60000)
   the space 12288K,  88% used [0x12b60000, 0x135fc8f8, 0x135fca00, 0x13760000)
No shared spaces configured.
Event: 10.148 GC heap after
Heap after GC invocations=19 (full 4):
 def new generation   total 33216K, used 1450K [0x02b60000, 0x04f60000, 0x080b0000)
  eden space 29568K,   0% used [0x02b60000, 0x02b60000, 0x04840000)
  from space 3648K,  39% used [0x04bd0000, 0x04d3aaa8, 0x04f60000)
  to   space 3648K,   0% used [0x04840000, 0x04840000, 0x04bd0000)
 tenured generation   total 73592K, used 31628K [0x080b0000, 0x0c88e000, 0x12b60000)
   the space 73592K,  42% used [0x080b0000, 0x09f93178, 0x09f93200, 0x0c88e000)
 compacting perm gen  total 12288K, used 10866K [0x12b60000, 0x13760000, 0x16b60000)
   the space 12288K,  88% used [0x12b60000, 0x135fc8f8, 0x135fca00, 0x13760000)
No shared spaces configured.
}
Event: 12.500 GC heap before
{Heap before GC invocations=19 (full 4):
 def new generation   total 33216K, used 31018K [0x02b60000, 0x04f60000, 0x080b0000)
  eden space 29568K, 100% used [0x02b60000, 0x04840000, 0x04840000)
  from space 3648K,  39% used [0x04bd0000, 0x04d3aaa8, 0x04f60000)
  to   space 3648K,   0% used [0x04840000, 0x04840000, 0x04bd0000)
 tenured generation   total 73592K, used 31628K [0x080b0000, 0x0c88e000, 0x12b60000)
   the space 73592K,  42% used [0x080b0000, 0x09f93178, 0x09f93200, 0x0c88e000)
 compacting perm gen  total 12288K, used 10866K [0x12b60000, 0x13760000, 0x16b60000)
   the space 12288K,  88% used [0x12b60000, 0x135fc9c8, 0x135fca00, 0x13760000)
No shared spaces configured.
Event: 12.507 GC heap after
Heap after GC invocations=20 (full 4):
 def new generation   total 33216K, used 2235K [0x02b60000, 0x04f60000, 0x080b0000)
  eden space 29568K,   0% used [0x02b60000, 0x02b60000, 0x04840000)
  from space 3648K,  61% used [0x04840000, 0x04a6eee0, 0x04bd0000)
  to   space 3648K,   0% used [0x04bd0000, 0x04bd0000, 0x04f60000)
 tenured generation   total 73592K, used 31628K [0x080b0000, 0x0c88e000, 0x12b60000)
   the space 73592K,  42% used [0x080b0000, 0x09f93178, 0x09f93200, 0x0c88e000)
 compacting perm gen  total 12288K, used 10866K [0x12b60000, 0x13760000, 0x16b60000)
   the space 12288K,  88% used [0x12b60000, 0x135fc9c8, 0x135fca00, 0x13760000)
No shared spaces configured.
}
Event: 12.568 GC heap before
{Heap before GC invocations=20 (full 4):
 def new generation   total 33216K, used 31803K [0x02b60000, 0x04f60000, 0x080b0000)
  eden space 29568K, 100% used [0x02b60000, 0x04840000, 0x04840000)
  from space 3648K,  61% used [0x04840000, 0x04a6eee0, 0x04bd0000)
  to   space 3648K,   0% used [0x04bd0000, 0x04bd0000, 0x04f60000)
 tenured generation   total 73592K, used 31628K [0x080b0000, 0x0c88e000, 0x12b60000)
   the space 73592K,  42% used [0x080b0000, 0x09f93178, 0x09f93200, 0x0c88e000)
 compacting perm gen  total 12288K, used 10866K [0x12b60000, 0x13760000, 0x16b60000)
   the space 12288K,  88% used [0x12b60000, 0x135fc9d8, 0x135fca00, 0x13760000)
No shared spaces configured.
Event: 12.573 GC heap after
Heap after GC invocations=21 (full 4):
 def new generation   total 33216K, used 1516K [0x02b60000, 0x04f60000, 0x080b0000)
  eden space 29568K,   0% used [0x02b60000, 0x02b60000, 0x04840000)
  from space 3648K,  41% used [0x04bd0000, 0x04d4b290, 0x04f60000)
  to   space 3648K,   0% used [0x04840000, 0x04840000, 0x04bd0000)
 tenured generation   total 73592K, used 32064K [0x080b0000, 0x0c88e000, 0x12b60000)
   the space 73592K,  43% used [0x080b0000, 0x0a0001d8, 0x0a000200, 0x0c88e000)
 compacting perm gen  total 12288K, used 10866K [0x12b60000, 0x13760000, 0x16b60000)
   the space 12288K,  88% used [0x12b60000, 0x135fc9d8, 0x135fca00, 0x13760000)
No shared spaces configured.
}

